TimeQuest Timing Analyzer report for filter
Fri Jul 24 20:37:30 2020
Quartus II 64-Bit Version 15.0.0 Build 145 04/22/2015 SJ Full Version


---------------------
; Table of Contents ;
---------------------
  1. Legal Notice
  2. TimeQuest Timing Analyzer Summary
  3. Parallel Compilation
  4. Clocks
  5. Slow 1200mV 85C Model Fmax Summary
  6. Slow 1200mV 85C Model Setup Summary
  7. Slow 1200mV 85C Model Hold Summary
  8. Slow 1200mV 85C Model Recovery Summary
  9. Slow 1200mV 85C Model Removal Summary
 10. Slow 1200mV 85C Model Minimum Pulse Width Summary
 11. Slow 1200mV 85C Model Datasheet Report
 12. Slow 1200mV 0C Model Fmax Summary
 13. Slow 1200mV 0C Model Setup Summary
 14. Slow 1200mV 0C Model Hold Summary
 15. Slow 1200mV 0C Model Recovery Summary
 16. Slow 1200mV 0C Model Removal Summary
 17. Slow 1200mV 0C Model Minimum Pulse Width Summary
 18. Slow 1200mV 0C Model Datasheet Report
 19. Fast 1200mV 0C Model Setup Summary
 20. Fast 1200mV 0C Model Hold Summary
 21. Fast 1200mV 0C Model Recovery Summary
 22. Fast 1200mV 0C Model Removal Summary
 23. Fast 1200mV 0C Model Minimum Pulse Width Summary
 24. Fast 1200mV 0C Model Datasheet Report
 25. Multicorner Timing Analysis Summary
 26. Board Trace Model Assignments
 27. Input Transition Times
 28. Signal Integrity Metrics (Slow 1200mv 0c Model)
 29. Signal Integrity Metrics (Slow 1200mv 85c Model)
 30. Signal Integrity Metrics (Fast 1200mv 0c Model)
 31. Clock Transfers
 32. Report TCCS
 33. Report RSKM
 34. Unconstrained Paths
 35. TimeQuest Timing Analyzer Messages



----------------
; Legal Notice ;
----------------
Copyright (C) 1991-2015 Altera Corporation. All rights reserved.
Your use of Altera Corporation's design tools, logic functions 
and other software and tools, and its AMPP partner logic 
functions, and any output files from any of the foregoing 
(including device programming or simulation files), and any 
associated documentation or information are expressly subject 
to the terms and conditions of the Altera Program License 
Subscription Agreement, the Altera Quartus II License Agreement,
the Altera MegaCore Function License Agreement, or other 
applicable license agreement, including, without limitation, 
that your use is for the sole purpose of programming logic 
devices manufactured by Altera and sold by Altera or its 
authorized distributors.  Please refer to the applicable 
agreement for further details.



+--------------------------------------------------------------------------+
; TimeQuest Timing Analyzer Summary                                        ;
+--------------------+-----------------------------------------------------+
; Quartus II Version ; Version 15.0.0 Build 145 04/22/2015 SJ Full Version ;
; Revision Name      ; filter                                              ;
; Device Family      ; MAX 10                                              ;
; Device Name        ; 10M08DAF484C7G                                      ;
; Timing Models      ; Preliminary                                         ;
; Delay Model        ; Combined                                            ;
; Rise/Fall Delays   ; Enabled                                             ;
+--------------------+-----------------------------------------------------+


+------------------------------------------+
; Parallel Compilation                     ;
+----------------------------+-------------+
; Processors                 ; Number      ;
+----------------------------+-------------+
; Number detected on machine ; 12          ;
; Maximum allowed            ; 6           ;
;                            ;             ;
; Average used               ; 1.00        ;
; Maximum used               ; 6           ;
;                            ;             ;
; Usage by Processor         ; % Time Used ;
;     Processor 1            ; 100.0%      ;
;     Processors 2-6         ; < 0.1%      ;
;     Processors 7-12        ;   0.0%      ;
+----------------------------+-------------+


----------
; Clocks ;
----------
No clocks to report.


--------------------------------------
; Slow 1200mV 85C Model Fmax Summary ;
--------------------------------------
No paths to report.


---------------------------------------
; Slow 1200mV 85C Model Setup Summary ;
---------------------------------------
No paths to report.


--------------------------------------
; Slow 1200mV 85C Model Hold Summary ;
--------------------------------------
No paths to report.


------------------------------------------
; Slow 1200mV 85C Model Recovery Summary ;
------------------------------------------
No paths to report.


-----------------------------------------
; Slow 1200mV 85C Model Removal Summary ;
-----------------------------------------
No paths to report.


-----------------------------------------------------
; Slow 1200mV 85C Model Minimum Pulse Width Summary ;
-----------------------------------------------------
No paths to report.


------------------------------------------
; Slow 1200mV 85C Model Datasheet Report ;
------------------------------------------
Nothing to report.


-------------------------------------
; Slow 1200mV 0C Model Fmax Summary ;
-------------------------------------
No paths to report.


--------------------------------------
; Slow 1200mV 0C Model Setup Summary ;
--------------------------------------
No paths to report.


-------------------------------------
; Slow 1200mV 0C Model Hold Summary ;
-------------------------------------
No paths to report.


-----------------------------------------
; Slow 1200mV 0C Model Recovery Summary ;
-----------------------------------------
No paths to report.


----------------------------------------
; Slow 1200mV 0C Model Removal Summary ;
----------------------------------------
No paths to report.


----------------------------------------------------
; Slow 1200mV 0C Model Minimum Pulse Width Summary ;
----------------------------------------------------
No paths to report.


-----------------------------------------
; Slow 1200mV 0C Model Datasheet Report ;
-----------------------------------------
Nothing to report.


--------------------------------------
; Fast 1200mV 0C Model Setup Summary ;
--------------------------------------
No paths to report.


-------------------------------------
; Fast 1200mV 0C Model Hold Summary ;
-------------------------------------
No paths to report.


-----------------------------------------
; Fast 1200mV 0C Model Recovery Summary ;
-----------------------------------------
No paths to report.


----------------------------------------
; Fast 1200mV 0C Model Removal Summary ;
----------------------------------------
No paths to report.


----------------------------------------------------
; Fast 1200mV 0C Model Minimum Pulse Width Summary ;
----------------------------------------------------
No paths to report.


-----------------------------------------
; Fast 1200mV 0C Model Datasheet Report ;
-----------------------------------------
Nothing to report.


+----------------------------------------------------------------------------+
; Multicorner Timing Analysis Summary                                        ;
+------------------+-------+------+----------+---------+---------------------+
; Clock            ; Setup ; Hold ; Recovery ; Removal ; Minimum Pulse Width ;
+------------------+-------+------+----------+---------+---------------------+
; Worst-case Slack ; N/A   ; N/A  ; N/A      ; N/A     ; N/A                 ;
; Design-wide TNS  ; 0.0   ; 0.0  ; 0.0      ; 0.0     ; 0.0                 ;
+------------------+-------+------+----------+---------+---------------------+


+-------------------------------------------------------------------------------------------------------------------------------------------------------------------------------------------------------------------------------------------------------------------------------------------------------------------------------------------------------------------------------------------------------------------+
; Board Trace Model Assignments                                                                                                                                                                                                                                                                                                                                                                                     ;
+----------------+--------------+-------------------+-------------------------+-------------------------+---------------+---------------------+----------------+------------------+--------+------------------+------------------------+------------------------+--------------+---------------+-----------------+-------+---------------------+--------------------+---------------+-----------------+-------------+
; Pin            ; I/O Standard ; Near Tline Length ; Near Tline L per Length ; Near Tline C per Length ; Near Series R ; Near Differential R ; Near Pull-up R ; Near Pull-down R ; Near C ; Far Tline Length ; Far Tline L per Length ; Far Tline C per Length ; Far Series R ; Far Pull-up R ; Far Pull-down R ; Far C ; Termination Voltage ; Far Differential R ; EBD File Name ; EBD Signal Name ; EBD Far-end ;
+----------------+--------------+-------------------+-------------------------+-------------------------+---------------+---------------------+----------------+------------------+--------+------------------+------------------------+------------------------+--------------+---------------+-----------------+-------+---------------------+--------------------+---------------+-----------------+-------------+
; outputData[0]  ; 2.5 V        ; 0 in              ; 0 H/in                  ; 0 F/in                  ; short         ; -                   ; open           ; open             ; open   ; 0 in             ; 0 H/in                 ; 0 F/in                 ; short        ; open          ; open            ; open  ; 0 V                 ; -                  ; n/a           ; n/a             ; n/a         ;
; outputData[1]  ; 2.5 V        ; 0 in              ; 0 H/in                  ; 0 F/in                  ; short         ; -                   ; open           ; open             ; open   ; 0 in             ; 0 H/in                 ; 0 F/in                 ; short        ; open          ; open            ; open  ; 0 V                 ; -                  ; n/a           ; n/a             ; n/a         ;
; outputData[2]  ; 2.5 V        ; 0 in              ; 0 H/in                  ; 0 F/in                  ; short         ; -                   ; open           ; open             ; open   ; 0 in             ; 0 H/in                 ; 0 F/in                 ; short        ; open          ; open            ; open  ; 0 V                 ; -                  ; n/a           ; n/a             ; n/a         ;
; outputData[3]  ; 2.5 V        ; 0 in              ; 0 H/in                  ; 0 F/in                  ; short         ; -                   ; open           ; open             ; open   ; 0 in             ; 0 H/in                 ; 0 F/in                 ; short        ; open          ; open            ; open  ; 0 V                 ; -                  ; n/a           ; n/a             ; n/a         ;
; outputData[4]  ; 2.5 V        ; 0 in              ; 0 H/in                  ; 0 F/in                  ; short         ; -                   ; open           ; open             ; open   ; 0 in             ; 0 H/in                 ; 0 F/in                 ; short        ; open          ; open            ; open  ; 0 V                 ; -                  ; n/a           ; n/a             ; n/a         ;
; outputData[5]  ; 2.5 V        ; 0 in              ; 0 H/in                  ; 0 F/in                  ; short         ; -                   ; open           ; open             ; open   ; 0 in             ; 0 H/in                 ; 0 F/in                 ; short        ; open          ; open            ; open  ; 0 V                 ; -                  ; n/a           ; n/a             ; n/a         ;
; outputData[6]  ; 2.5 V        ; 0 in              ; 0 H/in                  ; 0 F/in                  ; short         ; -                   ; open           ; open             ; open   ; 0 in             ; 0 H/in                 ; 0 F/in                 ; short        ; open          ; open            ; open  ; 0 V                 ; -                  ; n/a           ; n/a             ; n/a         ;
; outputData[7]  ; 2.5 V        ; 0 in              ; 0 H/in                  ; 0 F/in                  ; short         ; -                   ; open           ; open             ; open   ; 0 in             ; 0 H/in                 ; 0 F/in                 ; short        ; open          ; open            ; open  ; 0 V                 ; -                  ; n/a           ; n/a             ; n/a         ;
; outputData[8]  ; 2.5 V        ; 0 in              ; 0 H/in                  ; 0 F/in                  ; short         ; -                   ; open           ; open             ; open   ; 0 in             ; 0 H/in                 ; 0 F/in                 ; short        ; open          ; open            ; open  ; 0 V                 ; -                  ; n/a           ; n/a             ; n/a         ;
; outputData[9]  ; 2.5 V        ; 0 in              ; 0 H/in                  ; 0 F/in                  ; short         ; -                   ; open           ; open             ; open   ; 0 in             ; 0 H/in                 ; 0 F/in                 ; short        ; open          ; open            ; open  ; 0 V                 ; -                  ; n/a           ; n/a             ; n/a         ;
; outputData[10] ; 2.5 V        ; 0 in              ; 0 H/in                  ; 0 F/in                  ; short         ; -                   ; open           ; open             ; open   ; 0 in             ; 0 H/in                 ; 0 F/in                 ; short        ; open          ; open            ; open  ; 0 V                 ; -                  ; n/a           ; n/a             ; n/a         ;
; outputData[11] ; 2.5 V        ; 0 in              ; 0 H/in                  ; 0 F/in                  ; short         ; -                   ; open           ; open             ; open   ; 0 in             ; 0 H/in                 ; 0 F/in                 ; short        ; open          ; open            ; open  ; 0 V                 ; -                  ; n/a           ; n/a             ; n/a         ;
; ~ALTERA_TDO~   ; 2.5 V        ; 0 in              ; 0 H/in                  ; 0 F/in                  ; short         ; -                   ; open           ; open             ; open   ; 0 in             ; 0 H/in                 ; 0 F/in                 ; short        ; open          ; open            ; open  ; 0 V                 ; -                  ; n/a           ; n/a             ; n/a         ;
+----------------+--------------+-------------------+-------------------------+-------------------------+---------------+---------------------+----------------+------------------+--------+------------------+------------------------+------------------------+--------------+---------------+-----------------+-------+---------------------+--------------------+---------------+-----------------+-------------+


+---------------------------------------------------------------------------------+
; Input Transition Times                                                          ;
+---------------------+-----------------------+-----------------+-----------------+
; Pin                 ; I/O Standard          ; 10-90 Rise Time ; 90-10 Fall Time ;
+---------------------+-----------------------+-----------------+-----------------+
; clk                 ; 2.5 V                 ; 2000 ps         ; 2000 ps         ;
; IQ[0]               ; 2.5 V                 ; 2000 ps         ; 2000 ps         ;
; IQ[1]               ; 2.5 V                 ; 2000 ps         ; 2000 ps         ;
; IQ[2]               ; 2.5 V                 ; 2000 ps         ; 2000 ps         ;
; IQ[3]               ; 2.5 V                 ; 2000 ps         ; 2000 ps         ;
; IQ[4]               ; 2.5 V                 ; 2000 ps         ; 2000 ps         ;
; IQ[5]               ; 2.5 V                 ; 2000 ps         ; 2000 ps         ;
; IQ[6]               ; 2.5 V                 ; 2000 ps         ; 2000 ps         ;
; IQ[7]               ; 2.5 V                 ; 2000 ps         ; 2000 ps         ;
; IQ[8]               ; 2.5 V                 ; 2000 ps         ; 2000 ps         ;
; IQ[9]               ; 2.5 V                 ; 2000 ps         ; 2000 ps         ;
; IQ[10]              ; 2.5 V                 ; 2000 ps         ; 2000 ps         ;
; IQ[11]              ; 2.5 V                 ; 2000 ps         ; 2000 ps         ;
; ~ALTERA_TMS~        ; 2.5 V Schmitt Trigger ; 2000 ps         ; 2000 ps         ;
; ~ALTERA_TCK~        ; 2.5 V Schmitt Trigger ; 2000 ps         ; 2000 ps         ;
; ~ALTERA_TDI~        ; 2.5 V Schmitt Trigger ; 2000 ps         ; 2000 ps         ;
; ~ALTERA_CONFIG_SEL~ ; 2.5 V                 ; 2000 ps         ; 2000 ps         ;
; ~ALTERA_nCONFIG~    ; 2.5 V Schmitt Trigger ; 2000 ps         ; 2000 ps         ;
; ~ALTERA_nSTATUS~    ; 2.5 V Schmitt Trigger ; 2000 ps         ; 2000 ps         ;
; ~ALTERA_CONF_DONE~  ; 2.5 V Schmitt Trigger ; 2000 ps         ; 2000 ps         ;
+---------------------+-----------------------+-----------------+-----------------+


+---------------------------------------------------------------------------------------------------------------------------------------------------------------------------------------------------------------------------------------------------------------------------------------------------------------------------------------------------------------------------------------------------------------------------------------------------------------------------------------------------------------------------------------------------------------------------------------------------------------------------------------------------------------------------------------------+
; Signal Integrity Metrics (Slow 1200mv 0c Model)                                                                                                                                                                                                                                                                                                                                                                                                                                                                                                                                                                                                                                             ;
+----------------+--------------+---------------------+---------------------+------------------------------+------------------------------+---------------------+---------------------+--------------------------------------+--------------------------------------+-----------------------------+-----------------------------+----------------------------+----------------------------+-----------------------------+-----------------------------+--------------------+--------------------+-------------------------------------+-------------------------------------+----------------------------+----------------------------+---------------------------+---------------------------+
; Pin            ; I/O Standard ; Board Delay on Rise ; Board Delay on Fall ; Steady State Voh at FPGA Pin ; Steady State Vol at FPGA Pin ; Voh Max at FPGA Pin ; Vol Min at FPGA Pin ; Ringback Voltage on Rise at FPGA Pin ; Ringback Voltage on Fall at FPGA Pin ; 10-90 Rise Time at FPGA Pin ; 90-10 Fall Time at FPGA Pin ; Monotonic Rise at FPGA Pin ; Monotonic Fall at FPGA Pin ; Steady State Voh at Far-end ; Steady State Vol at Far-end ; Voh Max at Far-end ; Vol Min at Far-end ; Ringback Voltage on Rise at Far-end ; Ringback Voltage on Fall at Far-end ; 10-90 Rise Time at Far-end ; 90-10 Fall Time at Far-end ; Monotonic Rise at Far-end ; Monotonic Fall at Far-end ;
+----------------+--------------+---------------------+---------------------+------------------------------+------------------------------+---------------------+---------------------+--------------------------------------+--------------------------------------+-----------------------------+-----------------------------+----------------------------+----------------------------+-----------------------------+-----------------------------+--------------------+--------------------+-------------------------------------+-------------------------------------+----------------------------+----------------------------+---------------------------+---------------------------+
; outputData[0]  ; 2.5 V        ; 0 s                 ; 0 s                 ; 2.32 V                       ; 1.32e-08 V                   ; 2.39 V              ; -0.0678 V           ; 0.243 V                              ; 0.271 V                              ; 4.88e-10 s                  ; 6.73e-10 s                  ; No                         ; No                         ; 2.32 V                      ; 1.32e-08 V                  ; 2.39 V             ; -0.0678 V          ; 0.243 V                             ; 0.271 V                             ; 4.88e-10 s                 ; 6.73e-10 s                 ; No                        ; No                        ;
; outputData[1]  ; 2.5 V        ; 0 s                 ; 0 s                 ; 2.32 V                       ; 1.32e-08 V                   ; 2.39 V              ; -0.0678 V           ; 0.243 V                              ; 0.271 V                              ; 4.88e-10 s                  ; 6.73e-10 s                  ; No                         ; No                         ; 2.32 V                      ; 1.32e-08 V                  ; 2.39 V             ; -0.0678 V          ; 0.243 V                             ; 0.271 V                             ; 4.88e-10 s                 ; 6.73e-10 s                 ; No                        ; No                        ;
; outputData[2]  ; 2.5 V        ; 0 s                 ; 0 s                 ; 2.32 V                       ; 1.32e-08 V                   ; 2.39 V              ; -0.0678 V           ; 0.243 V                              ; 0.271 V                              ; 4.88e-10 s                  ; 6.73e-10 s                  ; No                         ; No                         ; 2.32 V                      ; 1.32e-08 V                  ; 2.39 V             ; -0.0678 V          ; 0.243 V                             ; 0.271 V                             ; 4.88e-10 s                 ; 6.73e-10 s                 ; No                        ; No                        ;
; outputData[3]  ; 2.5 V        ; 0 s                 ; 0 s                 ; 2.32 V                       ; 1.32e-08 V                   ; 2.39 V              ; -0.0678 V           ; 0.243 V                              ; 0.271 V                              ; 4.88e-10 s                  ; 6.73e-10 s                  ; No                         ; No                         ; 2.32 V                      ; 1.32e-08 V                  ; 2.39 V             ; -0.0678 V          ; 0.243 V                             ; 0.271 V                             ; 4.88e-10 s                 ; 6.73e-10 s                 ; No                        ; No                        ;
; outputData[4]  ; 2.5 V        ; 0 s                 ; 0 s                 ; 2.32 V                       ; 1.32e-08 V                   ; 2.39 V              ; -0.0678 V           ; 0.243 V                              ; 0.271 V                              ; 4.88e-10 s                  ; 6.73e-10 s                  ; No                         ; No                         ; 2.32 V                      ; 1.32e-08 V                  ; 2.39 V             ; -0.0678 V          ; 0.243 V                             ; 0.271 V                             ; 4.88e-10 s                 ; 6.73e-10 s                 ; No                        ; No                        ;
; outputData[5]  ; 2.5 V        ; 0 s                 ; 0 s                 ; 2.32 V                       ; 1.32e-08 V                   ; 2.39 V              ; -0.0678 V           ; 0.243 V                              ; 0.271 V                              ; 4.88e-10 s                  ; 6.73e-10 s                  ; No                         ; No                         ; 2.32 V                      ; 1.32e-08 V                  ; 2.39 V             ; -0.0678 V          ; 0.243 V                             ; 0.271 V                             ; 4.88e-10 s                 ; 6.73e-10 s                 ; No                        ; No                        ;
; outputData[6]  ; 2.5 V        ; 0 s                 ; 0 s                 ; 2.32 V                       ; 1.32e-08 V                   ; 2.39 V              ; -0.0678 V           ; 0.243 V                              ; 0.271 V                              ; 4.88e-10 s                  ; 6.73e-10 s                  ; No                         ; No                         ; 2.32 V                      ; 1.32e-08 V                  ; 2.39 V             ; -0.0678 V          ; 0.243 V                             ; 0.271 V                             ; 4.88e-10 s                 ; 6.73e-10 s                 ; No                        ; No                        ;
; outputData[7]  ; 2.5 V        ; 0 s                 ; 0 s                 ; 2.32 V                       ; 1.32e-08 V                   ; 2.39 V              ; -0.0678 V           ; 0.243 V                              ; 0.271 V                              ; 4.88e-10 s                  ; 6.73e-10 s                  ; No                         ; No                         ; 2.32 V                      ; 1.32e-08 V                  ; 2.39 V             ; -0.0678 V          ; 0.243 V                             ; 0.271 V                             ; 4.88e-10 s                 ; 6.73e-10 s                 ; No                        ; No                        ;
; outputData[8]  ; 2.5 V        ; 0 s                 ; 0 s                 ; 2.32 V                       ; 1.32e-08 V                   ; 2.39 V              ; -0.0678 V           ; 0.243 V                              ; 0.271 V                              ; 4.88e-10 s                  ; 6.73e-10 s                  ; No                         ; No                         ; 2.32 V                      ; 1.32e-08 V                  ; 2.39 V             ; -0.0678 V          ; 0.243 V                             ; 0.271 V                             ; 4.88e-10 s                 ; 6.73e-10 s                 ; No                        ; No                        ;
; outputData[9]  ; 2.5 V        ; 0 s                 ; 0 s                 ; 2.32 V                       ; 1.32e-08 V                   ; 2.39 V              ; -0.0678 V           ; 0.243 V                              ; 0.271 V                              ; 4.88e-10 s                  ; 6.73e-10 s                  ; No                         ; No                         ; 2.32 V                      ; 1.32e-08 V                  ; 2.39 V             ; -0.0678 V          ; 0.243 V                             ; 0.271 V                             ; 4.88e-10 s                 ; 6.73e-10 s                 ; No                        ; No                        ;
; outputData[10] ; 2.5 V        ; 0 s                 ; 0 s                 ; 2.32 V                       ; 1.32e-08 V                   ; 2.39 V              ; -0.0678 V           ; 0.243 V                              ; 0.271 V                              ; 4.88e-10 s                  ; 6.73e-10 s                  ; No                         ; No                         ; 2.32 V                      ; 1.32e-08 V                  ; 2.39 V             ; -0.0678 V          ; 0.243 V                             ; 0.271 V                             ; 4.88e-10 s                 ; 6.73e-10 s                 ; No                        ; No                        ;
; outputData[11] ; 2.5 V        ; 0 s                 ; 0 s                 ; 2.32 V                       ; 1.32e-08 V                   ; 2.39 V              ; -0.0678 V           ; 0.243 V                              ; 0.271 V                              ; 4.88e-10 s                  ; 6.73e-10 s                  ; No                         ; No                         ; 2.32 V                      ; 1.32e-08 V                  ; 2.39 V             ; -0.0678 V          ; 0.243 V                             ; 0.271 V                             ; 4.88e-10 s                 ; 6.73e-10 s                 ; No                        ; No                        ;
; ~ALTERA_TDO~   ; 2.5 V        ; 0 s                 ; 0 s                 ; 2.32 V                       ; 1.69e-08 V                   ; 2.37 V              ; -0.0453 V           ; 0.185 V                              ; 0.166 V                              ; 6.63e-10 s                  ; 8.19e-10 s                  ; No                         ; No                         ; 2.32 V                      ; 1.69e-08 V                  ; 2.37 V             ; -0.0453 V          ; 0.185 V                             ; 0.166 V                             ; 6.63e-10 s                 ; 8.19e-10 s                 ; No                        ; No                        ;
+----------------+--------------+---------------------+---------------------+------------------------------+------------------------------+---------------------+---------------------+--------------------------------------+--------------------------------------+-----------------------------+-----------------------------+----------------------------+----------------------------+-----------------------------+-----------------------------+--------------------+--------------------+-------------------------------------+-------------------------------------+----------------------------+----------------------------+---------------------------+---------------------------+


+---------------------------------------------------------------------------------------------------------------------------------------------------------------------------------------------------------------------------------------------------------------------------------------------------------------------------------------------------------------------------------------------------------------------------------------------------------------------------------------------------------------------------------------------------------------------------------------------------------------------------------------------------------------------------------------------+
; Signal Integrity Metrics (Slow 1200mv 85c Model)                                                                                                                                                                                                                                                                                                                                                                                                                                                                                                                                                                                                                                            ;
+----------------+--------------+---------------------+---------------------+------------------------------+------------------------------+---------------------+---------------------+--------------------------------------+--------------------------------------+-----------------------------+-----------------------------+----------------------------+----------------------------+-----------------------------+-----------------------------+--------------------+--------------------+-------------------------------------+-------------------------------------+----------------------------+----------------------------+---------------------------+---------------------------+
; Pin            ; I/O Standard ; Board Delay on Rise ; Board Delay on Fall ; Steady State Voh at FPGA Pin ; Steady State Vol at FPGA Pin ; Voh Max at FPGA Pin ; Vol Min at FPGA Pin ; Ringback Voltage on Rise at FPGA Pin ; Ringback Voltage on Fall at FPGA Pin ; 10-90 Rise Time at FPGA Pin ; 90-10 Fall Time at FPGA Pin ; Monotonic Rise at FPGA Pin ; Monotonic Fall at FPGA Pin ; Steady State Voh at Far-end ; Steady State Vol at Far-end ; Voh Max at Far-end ; Vol Min at Far-end ; Ringback Voltage on Rise at Far-end ; Ringback Voltage on Fall at Far-end ; 10-90 Rise Time at Far-end ; 90-10 Fall Time at Far-end ; Monotonic Rise at Far-end ; Monotonic Fall at Far-end ;
+----------------+--------------+---------------------+---------------------+------------------------------+------------------------------+---------------------+---------------------+--------------------------------------+--------------------------------------+-----------------------------+-----------------------------+----------------------------+----------------------------+-----------------------------+-----------------------------+--------------------+--------------------+-------------------------------------+-------------------------------------+----------------------------+----------------------------+---------------------------+---------------------------+
; outputData[0]  ; 2.5 V        ; 0 s                 ; 0 s                 ; 2.32 V                       ; 1.87e-06 V                   ; 2.36 V              ; -0.0399 V           ; 0.161 V                              ; 0.192 V                              ; 6.62e-10 s                  ; 8.45e-10 s                  ; No                         ; No                         ; 2.32 V                      ; 1.87e-06 V                  ; 2.36 V             ; -0.0399 V          ; 0.161 V                             ; 0.192 V                             ; 6.62e-10 s                 ; 8.45e-10 s                 ; No                        ; No                        ;
; outputData[1]  ; 2.5 V        ; 0 s                 ; 0 s                 ; 2.32 V                       ; 1.87e-06 V                   ; 2.36 V              ; -0.0399 V           ; 0.161 V                              ; 0.192 V                              ; 6.62e-10 s                  ; 8.45e-10 s                  ; No                         ; No                         ; 2.32 V                      ; 1.87e-06 V                  ; 2.36 V             ; -0.0399 V          ; 0.161 V                             ; 0.192 V                             ; 6.62e-10 s                 ; 8.45e-10 s                 ; No                        ; No                        ;
; outputData[2]  ; 2.5 V        ; 0 s                 ; 0 s                 ; 2.32 V                       ; 1.87e-06 V                   ; 2.36 V              ; -0.0399 V           ; 0.161 V                              ; 0.192 V                              ; 6.62e-10 s                  ; 8.45e-10 s                  ; No                         ; No                         ; 2.32 V                      ; 1.87e-06 V                  ; 2.36 V             ; -0.0399 V          ; 0.161 V                             ; 0.192 V                             ; 6.62e-10 s                 ; 8.45e-10 s                 ; No                        ; No                        ;
; outputData[3]  ; 2.5 V        ; 0 s                 ; 0 s                 ; 2.32 V                       ; 1.87e-06 V                   ; 2.36 V              ; -0.0399 V           ; 0.161 V                              ; 0.192 V                              ; 6.62e-10 s                  ; 8.45e-10 s                  ; No                         ; No                         ; 2.32 V                      ; 1.87e-06 V                  ; 2.36 V             ; -0.0399 V          ; 0.161 V                             ; 0.192 V                             ; 6.62e-10 s                 ; 8.45e-10 s                 ; No                        ; No                        ;
; outputData[4]  ; 2.5 V        ; 0 s                 ; 0 s                 ; 2.32 V                       ; 1.87e-06 V                   ; 2.36 V              ; -0.0399 V           ; 0.161 V                              ; 0.192 V                              ; 6.62e-10 s                  ; 8.45e-10 s                  ; No                         ; No                         ; 2.32 V                      ; 1.87e-06 V                  ; 2.36 V             ; -0.0399 V          ; 0.161 V                             ; 0.192 V                             ; 6.62e-10 s                 ; 8.45e-10 s                 ; No                        ; No                        ;
; outputData[5]  ; 2.5 V        ; 0 s                 ; 0 s                 ; 2.32 V                       ; 1.87e-06 V                   ; 2.36 V              ; -0.0399 V           ; 0.161 V                              ; 0.192 V                              ; 6.62e-10 s                  ; 8.45e-10 s                  ; No                         ; No                         ; 2.32 V                      ; 1.87e-06 V                  ; 2.36 V             ; -0.0399 V          ; 0.161 V                             ; 0.192 V                             ; 6.62e-10 s                 ; 8.45e-10 s                 ; No                        ; No                        ;
; outputData[6]  ; 2.5 V        ; 0 s                 ; 0 s                 ; 2.32 V                       ; 1.87e-06 V                   ; 2.36 V              ; -0.0399 V           ; 0.161 V                              ; 0.192 V                              ; 6.62e-10 s                  ; 8.45e-10 s                  ; No                         ; No                         ; 2.32 V                      ; 1.87e-06 V                  ; 2.36 V             ; -0.0399 V          ; 0.161 V                             ; 0.192 V                             ; 6.62e-10 s                 ; 8.45e-10 s                 ; No                        ; No                        ;
; outputData[7]  ; 2.5 V        ; 0 s                 ; 0 s                 ; 2.32 V                       ; 1.87e-06 V                   ; 2.36 V              ; -0.0399 V           ; 0.161 V                              ; 0.192 V                              ; 6.62e-10 s                  ; 8.45e-10 s                  ; No                         ; No                         ; 2.32 V                      ; 1.87e-06 V                  ; 2.36 V             ; -0.0399 V          ; 0.161 V                             ; 0.192 V                             ; 6.62e-10 s                 ; 8.45e-10 s                 ; No                        ; No                        ;
; outputData[8]  ; 2.5 V        ; 0 s                 ; 0 s                 ; 2.32 V                       ; 1.87e-06 V                   ; 2.36 V              ; -0.0399 V           ; 0.161 V                              ; 0.192 V                              ; 6.62e-10 s                  ; 8.45e-10 s                  ; No                         ; No                         ; 2.32 V                      ; 1.87e-06 V                  ; 2.36 V             ; -0.0399 V          ; 0.161 V                             ; 0.192 V                             ; 6.62e-10 s                 ; 8.45e-10 s                 ; No                        ; No                        ;
; outputData[9]  ; 2.5 V        ; 0 s                 ; 0 s                 ; 2.32 V                       ; 1.87e-06 V                   ; 2.36 V              ; -0.0399 V           ; 0.161 V                              ; 0.192 V                              ; 6.62e-10 s                  ; 8.45e-10 s                  ; No                         ; No                         ; 2.32 V                      ; 1.87e-06 V                  ; 2.36 V             ; -0.0399 V          ; 0.161 V                             ; 0.192 V                             ; 6.62e-10 s                 ; 8.45e-10 s                 ; No                        ; No                        ;
; outputData[10] ; 2.5 V        ; 0 s                 ; 0 s                 ; 2.32 V                       ; 1.87e-06 V                   ; 2.36 V              ; -0.0399 V           ; 0.161 V                              ; 0.192 V                              ; 6.62e-10 s                  ; 8.45e-10 s                  ; No                         ; No                         ; 2.32 V                      ; 1.87e-06 V                  ; 2.36 V             ; -0.0399 V          ; 0.161 V                             ; 0.192 V                             ; 6.62e-10 s                 ; 8.45e-10 s                 ; No                        ; No                        ;
; outputData[11] ; 2.5 V        ; 0 s                 ; 0 s                 ; 2.32 V                       ; 1.87e-06 V                   ; 2.36 V              ; -0.0399 V           ; 0.161 V                              ; 0.192 V                              ; 6.62e-10 s                  ; 8.45e-10 s                  ; No                         ; No                         ; 2.32 V                      ; 1.87e-06 V                  ; 2.36 V             ; -0.0399 V          ; 0.161 V                             ; 0.192 V                             ; 6.62e-10 s                 ; 8.45e-10 s                 ; No                        ; No                        ;
; ~ALTERA_TDO~   ; 2.5 V        ; 0 s                 ; 0 s                 ; 2.32 V                       ; 2.47e-06 V                   ; 2.35 V              ; -0.021 V            ; 0.153 V                              ; 0.139 V                              ; 8.47e-10 s                  ; 9.84e-10 s                  ; No                         ; No                         ; 2.32 V                      ; 2.47e-06 V                  ; 2.35 V             ; -0.021 V           ; 0.153 V                             ; 0.139 V                             ; 8.47e-10 s                 ; 9.84e-10 s                 ; No                        ; No                        ;
+----------------+--------------+---------------------+---------------------+------------------------------+------------------------------+---------------------+---------------------+--------------------------------------+--------------------------------------+-----------------------------+-----------------------------+----------------------------+----------------------------+-----------------------------+-----------------------------+--------------------+--------------------+-------------------------------------+-------------------------------------+----------------------------+----------------------------+---------------------------+---------------------------+


+---------------------------------------------------------------------------------------------------------------------------------------------------------------------------------------------------------------------------------------------------------------------------------------------------------------------------------------------------------------------------------------------------------------------------------------------------------------------------------------------------------------------------------------------------------------------------------------------------------------------------------------------------------------------------------------------+
; Signal Integrity Metrics (Fast 1200mv 0c Model)                                                                                                                                                                                                                                                                                                                                                                                                                                                                                                                                                                                                                                             ;
+----------------+--------------+---------------------+---------------------+------------------------------+------------------------------+---------------------+---------------------+--------------------------------------+--------------------------------------+-----------------------------+-----------------------------+----------------------------+----------------------------+-----------------------------+-----------------------------+--------------------+--------------------+-------------------------------------+-------------------------------------+----------------------------+----------------------------+---------------------------+---------------------------+
; Pin            ; I/O Standard ; Board Delay on Rise ; Board Delay on Fall ; Steady State Voh at FPGA Pin ; Steady State Vol at FPGA Pin ; Voh Max at FPGA Pin ; Vol Min at FPGA Pin ; Ringback Voltage on Rise at FPGA Pin ; Ringback Voltage on Fall at FPGA Pin ; 10-90 Rise Time at FPGA Pin ; 90-10 Fall Time at FPGA Pin ; Monotonic Rise at FPGA Pin ; Monotonic Fall at FPGA Pin ; Steady State Voh at Far-end ; Steady State Vol at Far-end ; Voh Max at Far-end ; Vol Min at Far-end ; Ringback Voltage on Rise at Far-end ; Ringback Voltage on Fall at Far-end ; 10-90 Rise Time at Far-end ; 90-10 Fall Time at Far-end ; Monotonic Rise at Far-end ; Monotonic Fall at Far-end ;
+----------------+--------------+---------------------+---------------------+------------------------------+------------------------------+---------------------+---------------------+--------------------------------------+--------------------------------------+-----------------------------+-----------------------------+----------------------------+----------------------------+-----------------------------+-----------------------------+--------------------+--------------------+-------------------------------------+-------------------------------------+----------------------------+----------------------------+---------------------------+---------------------------+
; outputData[0]  ; 2.5 V        ; 0 s                 ; 0 s                 ; 2.62 V                       ; 1.4e-07 V                    ; 2.76 V              ; -0.022 V            ; 0.337 V                              ; 0.036 V                              ; 2.94e-10 s                  ; 4.52e-10 s                  ; No                         ; Yes                        ; 2.62 V                      ; 1.4e-07 V                   ; 2.76 V             ; -0.022 V           ; 0.337 V                             ; 0.036 V                             ; 2.94e-10 s                 ; 4.52e-10 s                 ; No                        ; Yes                       ;
; outputData[1]  ; 2.5 V        ; 0 s                 ; 0 s                 ; 2.62 V                       ; 1.4e-07 V                    ; 2.76 V              ; -0.022 V            ; 0.337 V                              ; 0.036 V                              ; 2.94e-10 s                  ; 4.52e-10 s                  ; No                         ; Yes                        ; 2.62 V                      ; 1.4e-07 V                   ; 2.76 V             ; -0.022 V           ; 0.337 V                             ; 0.036 V                             ; 2.94e-10 s                 ; 4.52e-10 s                 ; No                        ; Yes                       ;
; outputData[2]  ; 2.5 V        ; 0 s                 ; 0 s                 ; 2.62 V                       ; 1.4e-07 V                    ; 2.76 V              ; -0.022 V            ; 0.337 V                              ; 0.036 V                              ; 2.94e-10 s                  ; 4.52e-10 s                  ; No                         ; Yes                        ; 2.62 V                      ; 1.4e-07 V                   ; 2.76 V             ; -0.022 V           ; 0.337 V                             ; 0.036 V                             ; 2.94e-10 s                 ; 4.52e-10 s                 ; No                        ; Yes                       ;
; outputData[3]  ; 2.5 V        ; 0 s                 ; 0 s                 ; 2.62 V                       ; 1.4e-07 V                    ; 2.76 V              ; -0.022 V            ; 0.337 V                              ; 0.036 V                              ; 2.94e-10 s                  ; 4.52e-10 s                  ; No                         ; Yes                        ; 2.62 V                      ; 1.4e-07 V                   ; 2.76 V             ; -0.022 V           ; 0.337 V                             ; 0.036 V                             ; 2.94e-10 s                 ; 4.52e-10 s                 ; No                        ; Yes                       ;
; outputData[4]  ; 2.5 V        ; 0 s                 ; 0 s                 ; 2.62 V                       ; 1.4e-07 V                    ; 2.76 V              ; -0.022 V            ; 0.337 V                              ; 0.036 V                              ; 2.94e-10 s                  ; 4.52e-10 s                  ; No                         ; Yes                        ; 2.62 V                      ; 1.4e-07 V                   ; 2.76 V             ; -0.022 V           ; 0.337 V                             ; 0.036 V                             ; 2.94e-10 s                 ; 4.52e-10 s                 ; No                        ; Yes                       ;
; outputData[5]  ; 2.5 V        ; 0 s                 ; 0 s                 ; 2.62 V                       ; 1.4e-07 V                    ; 2.76 V              ; -0.022 V            ; 0.337 V                              ; 0.036 V                              ; 2.94e-10 s                  ; 4.52e-10 s                  ; No                         ; Yes                        ; 2.62 V                      ; 1.4e-07 V                   ; 2.76 V             ; -0.022 V           ; 0.337 V                             ; 0.036 V                             ; 2.94e-10 s                 ; 4.52e-10 s                 ; No                        ; Yes                       ;
; outputData[6]  ; 2.5 V        ; 0 s                 ; 0 s                 ; 2.62 V                       ; 1.4e-07 V                    ; 2.76 V              ; -0.022 V            ; 0.337 V                              ; 0.036 V                              ; 2.94e-10 s                  ; 4.52e-10 s                  ; No                         ; Yes                        ; 2.62 V                      ; 1.4e-07 V                   ; 2.76 V             ; -0.022 V           ; 0.337 V                             ; 0.036 V                             ; 2.94e-10 s                 ; 4.52e-10 s                 ; No                        ; Yes                       ;
; outputData[7]  ; 2.5 V        ; 0 s                 ; 0 s                 ; 2.62 V                       ; 1.4e-07 V                    ; 2.76 V              ; -0.022 V            ; 0.337 V                              ; 0.036 V                              ; 2.94e-10 s                  ; 4.52e-10 s                  ; No                         ; Yes                        ; 2.62 V                      ; 1.4e-07 V                   ; 2.76 V             ; -0.022 V           ; 0.337 V                             ; 0.036 V                             ; 2.94e-10 s                 ; 4.52e-10 s                 ; No                        ; Yes                       ;
; outputData[8]  ; 2.5 V        ; 0 s                 ; 0 s                 ; 2.62 V                       ; 1.4e-07 V                    ; 2.76 V              ; -0.022 V            ; 0.337 V                              ; 0.036 V                              ; 2.94e-10 s                  ; 4.52e-10 s                  ; No                         ; Yes                        ; 2.62 V                      ; 1.4e-07 V                   ; 2.76 V             ; -0.022 V           ; 0.337 V                             ; 0.036 V                             ; 2.94e-10 s                 ; 4.52e-10 s                 ; No                        ; Yes                       ;
; outputData[9]  ; 2.5 V        ; 0 s                 ; 0 s                 ; 2.62 V                       ; 1.4e-07 V                    ; 2.76 V              ; -0.022 V            ; 0.337 V                              ; 0.036 V                              ; 2.94e-10 s                  ; 4.52e-10 s                  ; No                         ; Yes                        ; 2.62 V                      ; 1.4e-07 V                   ; 2.76 V             ; -0.022 V           ; 0.337 V                             ; 0.036 V                             ; 2.94e-10 s                 ; 4.52e-10 s                 ; No                        ; Yes                       ;
; outputData[10] ; 2.5 V        ; 0 s                 ; 0 s                 ; 2.62 V                       ; 1.4e-07 V                    ; 2.76 V              ; -0.022 V            ; 0.337 V                              ; 0.036 V                              ; 2.94e-10 s                  ; 4.52e-10 s                  ; No                         ; Yes                        ; 2.62 V                      ; 1.4e-07 V                   ; 2.76 V             ; -0.022 V           ; 0.337 V                             ; 0.036 V                             ; 2.94e-10 s                 ; 4.52e-10 s                 ; No                        ; Yes                       ;
; outputData[11] ; 2.5 V        ; 0 s                 ; 0 s                 ; 2.62 V                       ; 1.4e-07 V                    ; 2.76 V              ; -0.022 V            ; 0.337 V                              ; 0.036 V                              ; 2.94e-10 s                  ; 4.52e-10 s                  ; No                         ; Yes                        ; 2.62 V                      ; 1.4e-07 V                   ; 2.76 V             ; -0.022 V           ; 0.337 V                             ; 0.036 V                             ; 2.94e-10 s                 ; 4.52e-10 s                 ; No                        ; Yes                       ;
; ~ALTERA_TDO~   ; 2.5 V        ; 0 s                 ; 0 s                 ; 2.62 V                       ; 1.94e-07 V                   ; 2.72 V              ; -0.0267 V           ; 0.222 V                              ; 0.078 V                              ; 4.6e-10 s                   ; 5e-10 s                     ; No                         ; Yes                        ; 2.62 V                      ; 1.94e-07 V                  ; 2.72 V             ; -0.0267 V          ; 0.222 V                             ; 0.078 V                             ; 4.6e-10 s                  ; 5e-10 s                    ; No                        ; Yes                       ;
+----------------+--------------+---------------------+---------------------+------------------------------+------------------------------+---------------------+---------------------+--------------------------------------+--------------------------------------+-----------------------------+-----------------------------+----------------------------+----------------------------+-----------------------------+-----------------------------+--------------------+--------------------+-------------------------------------+-------------------------------------+----------------------------+----------------------------+---------------------------+---------------------------+


-------------------
; Clock Transfers ;
-------------------
Nothing to report.


---------------
; Report TCCS ;
---------------
No dedicated SERDES Transmitter circuitry present in device or used in design


---------------
; Report RSKM ;
---------------
No non-DPA dedicated SERDES Receiver circuitry present in device or used in design


+------------------------------------------------+
; Unconstrained Paths                            ;
+---------------------------------+-------+------+
; Property                        ; Setup ; Hold ;
+---------------------------------+-------+------+
; Illegal Clocks                  ; 0     ; 0    ;
; Unconstrained Clocks            ; 0     ; 0    ;
; Unconstrained Input Ports       ; 0     ; 0    ;
; Unconstrained Input Port Paths  ; 0     ; 0    ;
; Unconstrained Output Ports      ; 0     ; 0    ;
; Unconstrained Output Port Paths ; 0     ; 0    ;
+---------------------------------+-------+------+


+------------------------------------+
; TimeQuest Timing Analyzer Messages ;
+------------------------------------+
Info: *******************************************************************
Info: Running Quartus II 64-Bit TimeQuest Timing Analyzer
    Info: Version 15.0.0 Build 145 04/22/2015 SJ Full Version
    Info: Processing started: Fri Jul 24 20:37:28 2020
Info: Command: quartus_sta filter -c filter
Info: qsta_default_script.tcl version: #11
Info (11104): Parallel Compilation has detected 12 hyper-threaded processors. However, the extra hyper-threaded processors will not be used by default. Parallel Compilation will use 6 of the 6 physical processors detected instead.
Info (21077): Low junction temperature is 0 degrees C
Info (21077): High junction temperature is 85 degrees C
Critical Warning (332012): Synopsys Design Constraints File file not found: 'filter.sdc'. A Synopsys Design Constraints File is required by the TimeQuest Timing Analyzer to get proper timing constraints. Without it, the Compiler will not properly optimize the design.
Info (332142): No user constrained base clocks found in the design. Calling "derive_clocks -period 1.0"
Info (332096): The command derive_clocks did not find any clocks to derive.  No clocks were created or changed.
Warning (332068): No clocks defined in design.
Info (332143): No user constrained clock uncertainty found in the design. Calling "derive_clock_uncertainty"
Info (332154): The derive_clock_uncertainty command did not apply clock uncertainty to any clock-to-clock transfers.
Info: Found TIMEQUEST_REPORT_SCRIPT_INCLUDE_DEFAULT_ANALYSIS = ON
Info (332159): No clocks to report
Info: Analyzing Slow 1200mV 85C Model
Info (332140): No fmax paths to report
Info: Can't run Report Timing Closure Recommendations. The current device family is not supported.
Info (332140): No Setup paths to report
Info (332140): No Hold paths to report
Info (332140): No Recovery paths to report
Info (332140): No Removal paths to report
Info (332140): No Minimum Pulse Width paths to report
Info (332001): The selected device family is not supported by the report_metastability command.
Info: Analyzing Slow 1200mV 0C Model
Info (334003): Started post-fitting delay annotation
Warning (334000): Timing characteristics of device 10M08DAF484C7G are preliminary
Info (334004): Delay annotation completed successfully
Info (332142): No user constrained base clocks found in the design. Calling "derive_clocks -period 1.0"
Info (332096): The command derive_clocks did not find any clocks to derive.  No clocks were created or changed.
Warning (332068): No clocks defined in design.
Info (332154): The derive_clock_uncertainty command did not apply clock uncertainty to any clock-to-clock transfers.
Info (332140): No fmax paths to report
Info (332140): No Setup paths to report
Info (332140): No Hold paths to report
Info (332140): No Recovery paths to report
Info (332140): No Removal paths to report
Info (332140): No Minimum Pulse Width paths to report
Info (332001): The selected device family is not supported by the report_metastability command.
Info: Analyzing Fast 1200mV 0C Model
Info (332142): No user constrained base clocks found in the design. Calling "derive_clocks -period 1.0"
Info (332096): The command derive_clocks did not find any clocks to derive.  No clocks were created or changed.
Warning (332068): No clocks defined in design.
Info (332154): The derive_clock_uncertainty command did not apply clock uncertainty to any clock-to-clock transfers.
Info (332140): No Setup paths to report
Info (332140): No Hold paths to report
Info (332140): No Recovery paths to report
Info (332140): No Removal paths to report
Info (332140): No Minimum Pulse Width paths to report
Info (332001): The selected device family is not supported by the report_metastability command.
Info (332101): Design is fully constrained for setup requirements
Info (332101): Design is fully constrained for hold requirements
Info: Quartus II 64-Bit TimeQuest Timing Analyzer was successful. 0 errors, 5 warnings
    Info: Peak virtual memory: 4891 megabytes
    Info: Processing ended: Fri Jul 24 20:37:30 2020
    Info: Elapsed time: 00:00:02
    Info: Total CPU time (on all processors): 00:00:02


