Flow report for filter
Fri Jul 24 20:37:33 2020
Quartus II 64-Bit Version 15.0.0 Build 145 04/22/2015 SJ Full Version


---------------------
; Table of Contents ;
---------------------
  1. Legal Notice
  2. Flow Summary
  3. Flow Settings
  4. Flow Non-Default Global Settings
  5. Flow Elapsed Time
  6. Flow OS Summary
  7. Flow Log
  8. Flow Messages
  9. Flow Suppressed Messages



----------------
; Legal Notice ;
----------------
Copyright (C) 1991-2015 Altera Corporation. All rights reserved.
Your use of Altera Corporation's design tools, logic functions 
and other software and tools, and its AMPP partner logic 
functions, and any output files from any of the foregoing 
(including device programming or simulation files), and any 
associated documentation or information are expressly subject 
to the terms and conditions of the Altera Program License 
Subscription Agreement, the Altera Quartus II License Agreement,
the Altera MegaCore Function License Agreement, or other 
applicable license agreement, including, without limitation, 
that your use is for the sole purpose of programming logic 
devices manufactured by Altera and sold by Altera or its 
authorized distributors.  Please refer to the applicable 
agreement for further details.



+----------------------------------------------------------------------------------+
; Flow Summary                                                                     ;
+------------------------------------+---------------------------------------------+
; Flow Status                        ; Successful - Fri Jul 24 20:37:33 2020       ;
; Quartus II 64-Bit Version          ; 15.0.0 Build 145 04/22/2015 SJ Full Version ;
; Revision Name                      ; filter                                      ;
; Top-level Entity Name              ; top                                         ;
; Family                             ; MAX 10                                      ;
; Device                             ; 10M08DAF484C7G                              ;
; Timing Models                      ; Preliminary                                 ;
; Total logic elements               ; 1 / 8,064 ( < 1 % )                         ;
;     Total combinational functions  ; 1 / 8,064 ( < 1 % )                         ;
;     Dedicated logic registers      ; 0 / 8,064 ( 0 % )                           ;
; Total registers                    ; 0                                           ;
; Total pins                         ; 25 / 250 ( 10 % )                           ;
; Total virtual pins                 ; 0                                           ;
; Total memory bits                  ; 0 / 387,072 ( 0 % )                         ;
; Embedded Multiplier 9-bit elements ; 0 / 48 ( 0 % )                              ;
; Total PLLs                         ; 0 / 2 ( 0 % )                               ;
; UFM blocks                         ; 0 / 1 ( 0 % )                               ;
; ADC blocks                         ; 0 / 1 ( 0 % )                               ;
+------------------------------------+---------------------------------------------+


+-----------------------------------------+
; Flow Settings                           ;
+-------------------+---------------------+
; Option            ; Setting             ;
+-------------------+---------------------+
; Start date & time ; 07/24/2020 20:37:08 ;
; Main task         ; Compilation         ;
; Revision Name     ; filter              ;
+-------------------+---------------------+


+-------------------------------------------------------------------------------------------------------------------------------------------------+
; Flow Non-Default Global Settings                                                                                                                ;
+--------------------------------------+-----------------------------------------------------------+---------------+-------------+----------------+
; Assignment Name                      ; Value                                                     ; Default Value ; Entity Name ; Section Id     ;
+--------------------------------------+-----------------------------------------------------------+---------------+-------------+----------------+
; COMPILER_SIGNATURE_ID                ; 193675816201658.159559422806360                           ; --            ; --          ; --             ;
; EDA_DESIGN_INSTANCE_NAME             ; NA                                                        ; --            ; --          ; filter_tb      ;
; EDA_DESIGN_INSTANCE_NAME             ; NA                                                        ; --            ; --          ; top2_tb        ;
; EDA_DESIGN_INSTANCE_NAME             ; NA                                                        ; --            ; --          ; top_tb         ;
; EDA_ENABLE_GLITCH_FILTERING          ; Off                                                       ; --            ; --          ; eda_simulation ;
; EDA_GENERATE_FUNCTIONAL_NETLIST      ; Off                                                       ; --            ; --          ; eda_simulation ;
; EDA_MAP_ILLEGAL_CHARACTERS           ; Off                                                       ; --            ; --          ; eda_simulation ;
; EDA_NATIVELINK_SIMULATION_TEST_BENCH ; top_tb                                                    ; --            ; --          ; eda_simulation ;
; EDA_OUTPUT_DATA_FORMAT               ; Verilog Hdl                                               ; --            ; --          ; eda_simulation ;
; EDA_RUN_TOOL_AUTOMATICALLY           ; Off                                                       ; --            ; --          ; eda_simulation ;
; EDA_SIMULATION_TOOL                  ; ModelSim-Altera (Verilog)                                 ; <None>        ; --          ; --             ;
; EDA_TEST_BENCH_ENABLE_STATUS         ; TEST_BENCH_MODE                                           ; --            ; --          ; eda_simulation ;
; EDA_TEST_BENCH_FILE                  ; filter_tb.vhd                                             ; --            ; --          ; filter_tb      ;
; EDA_TEST_BENCH_FILE                  ; top2_tb.v                                                 ; --            ; --          ; top2_tb        ;
; EDA_TEST_BENCH_FILE                  ; top_tb.v                                                  ; --            ; --          ; top_tb         ;
; EDA_TEST_BENCH_MODULE_NAME           ; filter_tb                                                 ; --            ; --          ; filter_tb      ;
; EDA_TEST_BENCH_MODULE_NAME           ; top2_tb                                                   ; --            ; --          ; top2_tb        ;
; EDA_TEST_BENCH_MODULE_NAME           ; top_tb                                                    ; --            ; --          ; top_tb         ;
; EDA_TEST_BENCH_NAME                  ; filter_tb                                                 ; --            ; --          ; eda_simulation ;
; EDA_TEST_BENCH_NAME                  ; top_tb                                                    ; --            ; --          ; eda_simulation ;
; EDA_TEST_BENCH_NAME                  ; top2_tb                                                   ; --            ; --          ; eda_simulation ;
; EDA_TIME_SCALE                       ; 1 ps                                                      ; --            ; --          ; eda_simulation ;
; MAX_CORE_JUNCTION_TEMP               ; 85                                                        ; --            ; --          ; --             ;
; MIN_CORE_JUNCTION_TEMP               ; 0                                                         ; --            ; --          ; --             ;
; MISC_FILE                            ; cordic2/synthesis/../cordic2.cmp                          ; --            ; --          ; --             ;
; MISC_FILE                            ; cordic2/synthesis/../../cordic2.qsys                      ; --            ; --          ; --             ;
; PARTITION_COLOR                      ; 16764057                                                  ; --            ; top         ; Top            ;
; PARTITION_FITTER_PRESERVATION_LEVEL  ; PLACEMENT_AND_ROUTING                                     ; --            ; top         ; Top            ;
; PARTITION_NETLIST_TYPE               ; SOURCE                                                    ; --            ; top         ; Top            ;
; POWER_BOARD_THERMAL_MODEL            ; None (CONSERVATIVE)                                       ; --            ; --          ; --             ;
; POWER_PRESET_COOLING_SOLUTION        ; 23 MM HEAT SINK WITH 200 LFPM AIRFLOW                     ; --            ; --          ; --             ;
; PROJECT_OUTPUT_DIRECTORY             ; output_files                                              ; --            ; --          ; --             ;
; SLD_FILE                             ; cordic2/synthesis/cordic2.debuginfo                       ; --            ; --          ; --             ;
; SLD_INFO                             ; QSYS_NAME cordic2 HAS_SOPCINFO 1 GENERATION_ID 1595340072 ; --            ; cordic2     ; --             ;
; SOPCINFO_FILE                        ; cordic2/synthesis/../../cordic2.sopcinfo                  ; --            ; --          ; --             ;
; SYNTHESIS_ONLY_QIP                   ; On                                                        ; --            ; --          ; --             ;
; TOP_LEVEL_ENTITY                     ; top                                                       ; filter        ; --          ; --             ;
+--------------------------------------+-----------------------------------------------------------+---------------+-------------+----------------+


+-------------------------------------------------------------------------------------------------------------------------------+
; Flow Elapsed Time                                                                                                             ;
+---------------------------+--------------+-------------------------+---------------------+------------------------------------+
; Module Name               ; Elapsed Time ; Average Processors Used ; Peak Virtual Memory ; Total CPU Time (on all processors) ;
+---------------------------+--------------+-------------------------+---------------------+------------------------------------+
; Analysis & Synthesis      ; 00:00:10     ; 1.0                     ; 4857 MB             ; 00:00:23                           ;
; Fitter                    ; 00:00:03     ; 1.0                     ; 5799 MB             ; 00:00:04                           ;
; Assembler                 ; 00:00:01     ; 1.0                     ; 4745 MB             ; 00:00:01                           ;
; TimeQuest Timing Analyzer ; 00:00:02     ; 1.0                     ; 4891 MB             ; 00:00:02                           ;
; EDA Netlist Writer        ; 00:00:01     ; 1.0                     ; 4709 MB             ; 00:00:01                           ;
; Total                     ; 00:00:17     ; --                      ; --                  ; 00:00:31                           ;
+---------------------------+--------------+-------------------------+---------------------+------------------------------------+


+----------------------------------------------------------------------------------------+
; Flow OS Summary                                                                        ;
+---------------------------+------------------+-----------+------------+----------------+
; Module Name               ; Machine Hostname ; OS Name   ; OS Version ; Processor type ;
+---------------------------+------------------+-----------+------------+----------------+
; Analysis & Synthesis      ; PC-20200201ZOJW  ; Windows 7 ; 6.2        ; x86_64         ;
; Fitter                    ; PC-20200201ZOJW  ; Windows 7 ; 6.2        ; x86_64         ;
; Assembler                 ; PC-20200201ZOJW  ; Windows 7 ; 6.2        ; x86_64         ;
; TimeQuest Timing Analyzer ; PC-20200201ZOJW  ; Windows 7 ; 6.2        ; x86_64         ;
; EDA Netlist Writer        ; PC-20200201ZOJW  ; Windows 7 ; 6.2        ; x86_64         ;
+---------------------------+------------------+-----------+------------+----------------+


------------
; Flow Log ;
------------
quartus_map --read_settings_files=on --write_settings_files=off filter -c filter
quartus_fit --read_settings_files=off --write_settings_files=off filter -c filter
quartus_asm --read_settings_files=off --write_settings_files=off filter -c filter
quartus_sta filter -c filter
quartus_eda --read_settings_files=off --write_settings_files=off filter -c filter



